2024-03-21 22:38:25 INFO  ProjectStartupHandler.runActivity(74) - ---------- Project opened ----------
2024-03-21 22:38:25 INFO  ProjectStartupHandler.runActivity(75) - ---------- Version 4.03 ----------

2024-03-21 22:38:25 INFO  ProjectStartupHandler.setAutoscrolls(346) - Autoscrolls successfully set
2024-03-21 22:38:26 INFO  ApacheHttpClient.isSessionAppropriateWithSecretKey(589) - The session is not set in the property file.
2024-03-21 22:38:26 INFO  ApacheHttpClient.login(250) - Waiting for server response.
2024-03-21 22:38:26 INFO  ApacheHttpClient.login(254) - responseCode = 200
2024-03-21 22:38:26 INFO  ApacheHttpClient.login(277) - JSESSIONID OK
2024-03-21 22:38:26 INFO  ApacheHttpClient.refreshUserInfo(305) - responseCode = 200
2024-03-21 22:38:26 INFO  ApacheHttpClient.refreshUserInfo(311) - User information received.
2024-03-21 22:38:26 INFO  ApacheHttpClient.startGA(36) - GAService started.
2024-03-21 22:39:45 INFO  ApacheHttpClient.getWebResourceAsStream(502) - responseCode = 200
2024-03-21 22:39:49 INFO  ApacheHttpClient.getFilteredTasks(336) - responseCode = 200
2024-03-21 22:40:13 INFO  ApacheHttpClient.getFilteredTasks(336) - responseCode = 200
2024-03-21 22:40:14 INFO  ApacheHttpClient.getTaskTemplateInfo(353) - responseCode = 200
2024-03-21 22:40:14 INFO  TaskInfoSelectorMouseListener.createDirectoryRecursive(78) - File created :C:/Users/aikel/IdeaProjects/JavaRushTasks/2.JavaCore/src/com
2024-03-21 22:40:14 INFO  TaskInfoSelectorMouseListener.createDirectoryRecursive(78) - File created :C:/Users/aikel/IdeaProjects/JavaRushTasks/2.JavaCore/src/com/javarush
2024-03-21 22:40:14 INFO  TaskInfoSelectorMouseListener.createDirectoryRecursive(78) - File created :C:/Users/aikel/IdeaProjects/JavaRushTasks/2.JavaCore/src/com/javarush/task
2024-03-21 22:40:14 INFO  TaskInfoSelectorMouseListener.createDirectoryRecursive(78) - File created :C:/Users/aikel/IdeaProjects/JavaRushTasks/2.JavaCore/src/com/javarush/task/task11
2024-03-21 22:40:14 INFO  TaskInfoSelectorMouseListener.createDirectoryRecursive(78) - File created :C:/Users/aikel/IdeaProjects/JavaRushTasks/2.JavaCore/src/com/javarush/task/task11/task1102
2024-03-21 22:40:39 INFO  ApacheHttpClient.getWebResourceAsStream(502) - responseCode = 200
2024-03-21 22:40:44 INFO  ApacheHttpClient.getFilteredTasks(336) - responseCode = 200
2024-03-21 22:40:51 INFO  ApacheHttpClient.getFilteredTasks(336) - responseCode = 200
2024-03-21 22:41:23 INFO  ApacheHttpClient.getTaskTemplateInfo(353) - responseCode = 200
2024-03-21 22:41:23 INFO  TaskInfoSelectorMouseListener.createDirectoryRecursive(78) - File created :C:/Users/aikel/IdeaProjects/JavaRushTasks/1.JavaSyntax/src/com
2024-03-21 22:41:23 INFO  TaskInfoSelectorMouseListener.createDirectoryRecursive(78) - File created :C:/Users/aikel/IdeaProjects/JavaRushTasks/1.JavaSyntax/src/com/javarush
2024-03-21 22:41:23 INFO  TaskInfoSelectorMouseListener.createDirectoryRecursive(78) - File created :C:/Users/aikel/IdeaProjects/JavaRushTasks/1.JavaSyntax/src/com/javarush/task
2024-03-21 22:41:23 INFO  TaskInfoSelectorMouseListener.createDirectoryRecursive(78) - File created :C:/Users/aikel/IdeaProjects/JavaRushTasks/1.JavaSyntax/src/com/javarush/task/task01
2024-03-21 22:41:23 INFO  TaskInfoSelectorMouseListener.createDirectoryRecursive(78) - File created :C:/Users/aikel/IdeaProjects/JavaRushTasks/1.JavaSyntax/src/com/javarush/task/task01/task0108
2024-03-21 22:43:54 INFO  ApacheHttpClient.getWebResourceAsStream(502) - responseCode = 200
2024-03-21 22:43:55 INFO  ApacheHttpClient.completed(32) - responseCode = 400
2024-03-21 22:43:55 INFO  ApacheHttpClient.getTask(488) - responseCode = 200
2024-03-21 22:43:55 WARN  TaskCompleted.run(74) - You already completed this task: "2 + 3 = 5"
com.homework.plugin.analytics.PluginWarningException: warning
	at com.homework.plugin.callback.TaskCompleted.run(TaskCompleted.java:74)
	at com.intellij.openapi.application.TransactionGuardImpl.runWithWritingAllowed(TransactionGuardImpl.java:214)
	at com.intellij.openapi.application.TransactionGuardImpl.access$200(TransactionGuardImpl.java:21)
	at com.intellij.openapi.application.TransactionGuardImpl$2.run(TransactionGuardImpl.java:196)
	at com.intellij.openapi.application.impl.ApplicationImpl.runIntendedWriteActionOnCurrentThread(ApplicationImpl.java:794)
	at com.intellij.openapi.application.impl.ApplicationImpl.lambda$invokeLater$4(ApplicationImpl.java:350)
	at com.intellij.openapi.application.impl.FlushQueue.doRun(FlushQueue.java:84)
	at com.intellij.openapi.application.impl.FlushQueue.runNextEvent(FlushQueue.java:133)
	at com.intellij.openapi.application.impl.FlushQueue.flushNow(FlushQueue.java:46)
	at com.intellij.openapi.application.impl.FlushQueue$FlushNow.run(FlushQueue.java:189)
	at java.desktop/java.awt.event.InvocationEvent.dispatch(InvocationEvent.java:313)
	at java.desktop/java.awt.EventQueue.dispatchEventImpl(EventQueue.java:776)
	at java.desktop/java.awt.EventQueue$4.run(EventQueue.java:727)
	at java.desktop/java.awt.EventQueue$4.run(EventQueue.java:721)
	at java.base/java.security.AccessController.doPrivileged(Native Method)
	at java.base/java.security.ProtectionDomain$JavaSecurityAccessImpl.doIntersectionPrivilege(ProtectionDomain.java:85)
	at java.desktop/java.awt.EventQueue.dispatchEvent(EventQueue.java:746)
	at com.intellij.ide.IdeEventQueue.defaultDispatchEvent(IdeEventQueue.java:885)
	at com.intellij.ide.IdeEventQueue._dispatchEvent(IdeEventQueue.java:754)
	at com.intellij.ide.IdeEventQueue.lambda$dispatchEvent$6(IdeEventQueue.java:441)
	at com.intellij.openapi.progress.impl.CoreProgressManager.computePrioritized(CoreProgressManager.java:825)
	at com.intellij.ide.IdeEventQueue.lambda$dispatchEvent$7(IdeEventQueue.java:440)
	at com.intellij.openapi.application.impl.ApplicationImpl.runIntendedWriteActionOnCurrentThread(ApplicationImpl.java:794)
	at com.intellij.ide.IdeEventQueue.dispatchEvent(IdeEventQueue.java:486)
	at java.desktop/java.awt.EventDispatchThread.pumpOneEventForFilters(EventDispatchThread.java:203)
	at java.desktop/java.awt.EventDispatchThread.pumpEventsForFilter(EventDispatchThread.java:124)
	at java.desktop/java.awt.EventDispatchThread.pumpEventsForHierarchy(EventDispatchThread.java:113)
	at java.desktop/java.awt.EventDispatchThread.pumpEvents(EventDispatchThread.java:109)
	at java.desktop/java.awt.EventDispatchThread.pumpEvents(EventDispatchThread.java:101)
	at java.desktop/java.awt.EventDispatchThread.run(EventDispatchThread.java:90)
2024-03-21 23:18:48 INFO  ApacheHttpClient.getWebResourceAsStream(502) - responseCode = 200
2024-03-21 23:18:52 INFO  ApacheHttpClient.getFilteredTasks(336) - responseCode = 200
2024-03-21 23:19:04 INFO  ApacheHttpClient.getFilteredTasks(336) - responseCode = 200
2024-03-21 23:19:11 INFO  ApacheHttpClient.getFilteredTasks(336) - responseCode = 200
2024-03-21 23:19:20 INFO  ApacheHttpClient.getTaskTemplateInfo(353) - responseCode = 200
2024-03-21 23:19:20 INFO  TaskInfoSelectorMouseListener.createDirectoryRecursive(78) - File created :C:/Users/aikel/IdeaProjects/JavaRushTasks/2.JavaCore/src/com/javarush/task/task19
2024-03-21 23:19:20 INFO  TaskInfoSelectorMouseListener.createDirectoryRecursive(78) - File created :C:/Users/aikel/IdeaProjects/JavaRushTasks/2.JavaCore/src/com/javarush/task/task19/task1901
2024-03-21 23:37:25 INFO  ApacheHttpClient.getWebResourceAsStream(502) - responseCode = 200
2024-03-21 23:37:26 INFO  ApacheHttpClient.getTask(488) - responseCode = 200
2024-03-21 23:37:30 INFO  ApacheHttpClient.completed(32) - responseCode = 200
2024-03-21 23:38:45 INFO  ApacheHttpClient.getWebResourceAsStream(502) - responseCode = 200
2024-03-21 23:38:45 INFO  ApacheHttpClient.getTask(488) - responseCode = 200
2024-03-21 23:38:48 INFO  ApacheHttpClient.completed(32) - responseCode = 200
2024-03-21 23:38:49 INFO  ApacheHttpClient.getTask(488) - responseCode = 200
